<?xml version="1.0" encoding="UTF-8"?>
<testsuite xmlns:xsi="http://www.w3.org/2001/XMLSchema-instance" xsi:noNamespaceSchemaLocation="https://maven.apache.org/surefire/maven-surefire-plugin/xsd/surefire-test-report.xsd" name="com.example.StudentTest" time="0.001" tests="7" errors="0" skipped="0" failures="0">
  <properties>
[...]
</properties>
  <testcase name="testFullNameArray" classname="com.example.StudentTest" time="0"/>
  <testcase name="testStudentInstatiation" classname="com.example.StudentTest" time="0"/>
  <testcase name="testParticipantIdentifierNumber" classname="com.example.StudentTest" time="0"/>
  <testcase name="testFullNameString" classname="com.example.StudentTest" time="0"/>
  <testcase name="testIsFoundTrue" classname="com.example.StudentTest" time="0"/>
  <testcase name="testIsFoundFalse" classname="com.example.StudentTest" time="0"/>
  <testcase name="testIDNumber" classname="com.example.StudentTest" time="0"/>
</testsuite>